<?xml version="1.0" encoding="UTF-8"?>
<!-- Generated by org.testng.reporters.JUnitReportReporter -->
<testsuite hostname="HOME-PC" failures="0" tests="2" name="org.ilonarumak.tests.OrderSubmissionTest" time="34.658" errors="0" timestamp="2022-10-02T23:48:06 CEST" skipped="0">
  <testcase classname="org.ilonarumak.tests.OrderSubmissionTest" name="loginSuccessfully" time="22.956"/>
  <system-out/>
  <testcase classname="org.ilonarumak.tests.OrderSubmissionTest" name="loginSuccessfully" time="11.702"/>
  <system-out/>
</testsuite> <!-- org.ilonarumak.tests.OrderSubmissionTest -->
