<?xml version="1.0" encoding="UTF-8"?>
<!-- Generated by org.testng.reporters.JUnitReportReporter -->
<testsuite hostname="HOME-PC" failures="0" tests="1" name="org.ilonarumak.tests.ErrorValidationsTest" time="12.051" errors="0" timestamp="2022-10-02T23:50:56 CEST" skipped="0">
  <testcase classname="org.ilonarumak.tests.ErrorValidationsTest" name="validateLoginError" time="12.051"/>
  <system-out/>
</testsuite> <!-- org.ilonarumak.tests.ErrorValidationsTest -->
